d:\basic\desktop\openglcpp\openglcpppractice\lesson5_2022_9_20\lesson5_2022_9_20\debug\vc120.pdb
d:\basic\desktop\openglcpp\openglcpppractice\lesson5_2022_9_20\lesson5_2022_9_20\debug\vc120.idb
d:\basic\desktop\openglcpp\openglcpppractice\lesson5_2022_9_20\lesson5_2022_9_20\debug\3dsloader.obj
d:\basic\desktop\openglcpp\openglcpppractice\lesson5_2022_9_20\lesson5_2022_9_20\debug\camera.obj
d:\basic\desktop\openglcpp\openglcpppractice\lesson5_2022_9_20\lesson5_2022_9_20\debug\cbmploader.obj
d:\basic\desktop\openglcpp\openglcpppractice\lesson5_2022_9_20\lesson5_2022_9_20\debug\lesson5_2022_9_19.obj
d:\basic\desktop\openglcpp\openglcpppractice\lesson5_2022_9_20\lesson5_2022_9_20\debug\md2loader.obj
d:\basic\desktop\openglcpp\openglcpppractice\lesson5_2022_9_20\lesson5_2022_9_20\debug\stdafx.obj
d:\basic\desktop\openglcpp\openglcpppractice\lesson5_2022_9_20\lesson5_2022_9_20\debug\vector.obj
d:\basic\desktop\openglcpp\openglcpppractice\lesson5_2022_9_20\lesson5_2022_9_20\debug\font.obj
d:\basic\desktop\openglcpp\openglcpppractice\lesson5_2022_9_20\lesson5_2022_9_20\debug\skybox.obj
d:\basic\desktop\openglcpp\openglcpppractice\lesson5_2022_9_20\lesson5_2022_9_20\debug\terrain.obj
d:\basic\desktop\openglcpp\openglcpppractice\lesson5_2022_9_20\debug\lesson5_2022_9_20.ilk
d:\basic\desktop\openglcpp\openglcpppractice\lesson5_2022_9_20\debug\lesson5_2022_9_20.exe
d:\basic\desktop\openglcpp\openglcpppractice\lesson5_2022_9_20\debug\lesson5_2022_9_20.pdb
d:\basic\desktop\openglcpp\openglcpppractice\lesson5_2022_9_20\lesson5_2022_9_20\debug\lesson5_.6fbc4ae0.tlog\cl.command.1.tlog
d:\basic\desktop\openglcpp\openglcpppractice\lesson5_2022_9_20\lesson5_2022_9_20\debug\lesson5_.6fbc4ae0.tlog\cl.read.1.tlog
d:\basic\desktop\openglcpp\openglcpppractice\lesson5_2022_9_20\lesson5_2022_9_20\debug\lesson5_.6fbc4ae0.tlog\cl.write.1.tlog
d:\basic\desktop\openglcpp\openglcpppractice\lesson5_2022_9_20\lesson5_2022_9_20\debug\lesson5_.6fbc4ae0.tlog\link.command.1.tlog
d:\basic\desktop\openglcpp\openglcpppractice\lesson5_2022_9_20\lesson5_2022_9_20\debug\lesson5_.6fbc4ae0.tlog\link.read.1.tlog
d:\basic\desktop\openglcpp\openglcpppractice\lesson5_2022_9_20\lesson5_2022_9_20\debug\lesson5_.6fbc4ae0.tlog\link.write.1.tlog
