生成启动时间为 2022/9/26 11:50:31。
     1>项目“D:\BASIC\Desktop\openglCpp\openGLCPPpractice\Lesson5_2022_9_20\Lesson5_2022_9_20\Lesson5_2022_9_20.vcxproj”在节点 2 上(Build 个目标)。
     1>ClCompile:
         C:\Program Files (x86)\Microsoft Visual Studio 12.0\VC\bin\CL.exe /c /I"C:\Program Files (x86)\Windows Kits\8.1\Include\um\gl" /ZI /nologo /W3 /WX- /sdl /Od /Oy- /D WIN32 /D _DEBUG /D _WINDOWS /D _CRT_SECURE_NO_WARNINGS /D _MBCS /Gm /EHsc /RTC1 /MDd /GS /fp:precise /Zc:wchar_t /Zc:forScope /Fo"Debug\\" /Fd"Debug\vc120.pdb" /Gd /TP /analyze- /errorReport:prompt Lesson5_2022_9_20.cpp Snow.cpp
         Snow.cpp
         Lesson5_2022_9_20.cpp
         正在生成代码...
     1>d:\basic\desktop\openglcpp\openglcpppractice\lesson5_2022_9_20\lesson5_2022_9_20\lesson5_2022_9_20.cpp(106): warning C4715: “SnowInit”: 不是所有的控件路径都返回值
       Link:
         C:\Program Files (x86)\Microsoft Visual Studio 12.0\VC\bin\link.exe /ERRORREPORT:PROMPT /OUT:"D:\BASIC\Desktop\openglCpp\openGLCPPpractice\Lesson5_2022_9_20\Debug\Lesson5_2022_9_20.exe" /INCREMENTAL /NOLOGO glaux.lib kernel32.lib user32.lib gdi32.lib winspool.lib comdlg32.lib advapi32.lib shell32.lib ole32.lib oleaut32.lib uuid.lib odbc32.lib odbccp32.lib /MANIFEST /MANIFESTUAC:"level='asInvoker' uiAccess='false'" /manifest:embed /DEBUG /PDB:"D:\BASIC\Desktop\openglCpp\openGLCPPpractice\Lesson5_2022_9_20\Debug\Lesson5_2022_9_20.pdb" /SUBSYSTEM:WINDOWS /TLBID:1 /DYNAMICBASE /NXCOMPAT /IMPLIB:"D:\BASIC\Desktop\openglCpp\openGLCPPpractice\Lesson5_2022_9_20\Debug\Lesson5_2022_9_20.lib" /MACHINE:X86 Debug\3DSLoader.obj
         Debug\Camera.obj
         Debug\CBMPLoader.obj
         Debug\Font.obj
         Debug\Input.obj
         Debug\Lesson5_2022_9_20.obj
         Debug\MD2Loader.obj
         Debug\Particle.obj
         Debug\Protechny.obj
         Debug\SkyBox.obj
         Debug\Snow.obj
         Debug\stdafx.obj
         Debug\Terrain.obj
         Debug\Vector.obj
         Lesson5_2022_9_20.vcxproj -> D:\BASIC\Desktop\openglCpp\openGLCPPpractice\Lesson5_2022_9_20\Debug\Lesson5_2022_9_20.exe
     1>已完成生成项目“D:\BASIC\Desktop\openglCpp\openGLCPPpractice\Lesson5_2022_9_20\Lesson5_2022_9_20\Lesson5_2022_9_20.vcxproj”(Build 个目标)的操作。

生成成功。

已用时间 00:00:01.37
