生成启动时间为 2022/9/28 16:13:42。
     1>项目“D:\BASIC\Desktop\openglCpp\openGLCPPpractice\master Lesson5_2022_9_26\Lesson5_2022_9_26\Lesson5_2022_9_26.vcxproj”在节点 2 上(Build 个目标)。
     1>ClCompile:
         C:\Program Files (x86)\Microsoft Visual Studio 12.0\VC\bin\CL.exe /c /ZI /nologo /W3 /WX- /sdl /Od /Oy- /D WIN32 /D _DEBUG /D _WINDOWS /D _MBCS /D _CRT_SECURE_NO_WARNINGS /Gm /EHsc /RTC1 /MDd /GS /fp:precise /Zc:wchar_t /Zc:forScope /Fo"Debug\\" /Fd"Debug\vc120.pdb" /Gd /TP /analyze- /errorReport:prompt Lesson5_2022_9_26.cpp
         Lesson5_2022_9_26.cpp
     1>d:\basic\desktop\openglcpp\openglcpppractice\master lesson5_2022_9_26\lesson5_2022_9_26\lesson5_2022_9_26.cpp(105): warning C4305: “参数”: 从“double”到“float”截断
       Link:
         C:\Program Files (x86)\Microsoft Visual Studio 12.0\VC\bin\link.exe /ERRORREPORT:PROMPT /OUT:"D:\BASIC\Desktop\openglCpp\openGLCPPpractice\master Lesson5_2022_9_26\Debug\Lesson5_2022_9_26.exe" /INCREMENTAL /NOLOGO kernel32.lib user32.lib gdi32.lib winspool.lib comdlg32.lib advapi32.lib shell32.lib ole32.lib oleaut32.lib uuid.lib odbc32.lib odbccp32.lib /MANIFEST /MANIFESTUAC:"level='asInvoker' uiAccess='false'" /manifest:embed /DEBUG /PDB:"D:\BASIC\Desktop\openglCpp\openGLCPPpractice\master Lesson5_2022_9_26\Debug\Lesson5_2022_9_26.pdb" /SUBSYSTEM:WINDOWS /TLBID:1 /DYNAMICBASE /NXCOMPAT /IMPLIB:"D:\BASIC\Desktop\openglCpp\openGLCPPpractice\master Lesson5_2022_9_26\Debug\Lesson5_2022_9_26.lib" /MACHINE:X86 Debug\3DSLoader.obj
         Debug\Camera.obj
         Debug\CBMPLoader.obj
         Debug\Font.obj
         Debug\Input.obj
         Debug\Keys.obj
         Debug\Lesson5_2022_9_26.obj
         Debug\MD2Loader.obj
         Debug\Particle.obj
         Debug\Protechny.obj
         Debug\SkyBox.obj
         Debug\Snow.obj
         Debug\Sound.obj
         Debug\stdafx.obj
         Debug\Terrain.obj
         Debug\Vector.obj
         Lesson5_2022_9_26.vcxproj -> D:\BASIC\Desktop\openglCpp\openGLCPPpractice\master Lesson5_2022_9_26\Debug\Lesson5_2022_9_26.exe
     1>已完成生成项目“D:\BASIC\Desktop\openglCpp\openGLCPPpractice\master Lesson5_2022_9_26\Lesson5_2022_9_26\Lesson5_2022_9_26.vcxproj”(Build 个目标)的操作。

生成成功。

已用时间 00:00:01.80
