d:\basic\desktop\openglcpp\openglcpppractice\lesson5_2022_9_26\lesson5_2022_9_26\debug\vc120.pdb
d:\basic\desktop\openglcpp\openglcpppractice\lesson5_2022_9_26\lesson5_2022_9_26\debug\vc120.idb
d:\basic\desktop\openglcpp\openglcpppractice\lesson5_2022_9_26\lesson5_2022_9_26\debug\3dsloader.obj
d:\basic\desktop\openglcpp\openglcpppractice\lesson5_2022_9_26\lesson5_2022_9_26\debug\camera.obj
d:\basic\desktop\openglcpp\openglcpppractice\lesson5_2022_9_26\lesson5_2022_9_26\debug\cbmploader.obj
d:\basic\desktop\openglcpp\openglcpppractice\lesson5_2022_9_26\lesson5_2022_9_26\debug\font.obj
d:\basic\desktop\openglcpp\openglcpppractice\lesson5_2022_9_26\lesson5_2022_9_26\debug\input.obj
d:\basic\desktop\openglcpp\openglcpppractice\lesson5_2022_9_26\lesson5_2022_9_26\debug\keys.obj
d:\basic\desktop\openglcpp\openglcpppractice\lesson5_2022_9_26\lesson5_2022_9_26\debug\lesson5_2022_9_26.obj
d:\basic\desktop\openglcpp\openglcpppractice\lesson5_2022_9_26\lesson5_2022_9_26\debug\md2loader.obj
d:\basic\desktop\openglcpp\openglcpppractice\lesson5_2022_9_26\lesson5_2022_9_26\debug\skybox.obj
d:\basic\desktop\openglcpp\openglcpppractice\lesson5_2022_9_26\lesson5_2022_9_26\debug\snow.obj
d:\basic\desktop\openglcpp\openglcpppractice\lesson5_2022_9_26\lesson5_2022_9_26\debug\sound.obj
d:\basic\desktop\openglcpp\openglcpppractice\lesson5_2022_9_26\lesson5_2022_9_26\debug\stdafx.obj
d:\basic\desktop\openglcpp\openglcpppractice\lesson5_2022_9_26\lesson5_2022_9_26\debug\terrain.obj
d:\basic\desktop\openglcpp\openglcpppractice\lesson5_2022_9_26\lesson5_2022_9_26\debug\vector.obj
d:\basic\desktop\openglcpp\openglcpppractice\lesson5_2022_9_26\debug\lesson5_2022_9_26.pdb
d:\basic\desktop\openglcpp\openglcpppractice\lesson5_2022_9_26\lesson5_2022_9_26\debug\lesson5_.5350764a.tlog\cl.command.1.tlog
d:\basic\desktop\openglcpp\openglcpppractice\lesson5_2022_9_26\lesson5_2022_9_26\debug\lesson5_.5350764a.tlog\cl.read.1.tlog
d:\basic\desktop\openglcpp\openglcpppractice\lesson5_2022_9_26\lesson5_2022_9_26\debug\lesson5_.5350764a.tlog\cl.write.1.tlog
d:\basic\desktop\openglcpp\openglcpppractice\lesson5_2022_9_26\lesson5_2022_9_26\debug\lesson5_.5350764a.tlog\link-cvtres.read.1.tlog
d:\basic\desktop\openglcpp\openglcpppractice\lesson5_2022_9_26\lesson5_2022_9_26\debug\lesson5_.5350764a.tlog\link-cvtres.write.1.tlog
d:\basic\desktop\openglcpp\openglcpppractice\lesson5_2022_9_26\lesson5_2022_9_26\debug\lesson5_.5350764a.tlog\link-rc.read.1.tlog
d:\basic\desktop\openglcpp\openglcpppractice\lesson5_2022_9_26\lesson5_2022_9_26\debug\lesson5_.5350764a.tlog\link-rc.write.1.tlog
d:\basic\desktop\openglcpp\openglcpppractice\lesson5_2022_9_26\lesson5_2022_9_26\debug\lesson5_.5350764a.tlog\link.command.1.tlog
d:\basic\desktop\openglcpp\openglcpppractice\lesson5_2022_9_26\lesson5_2022_9_26\debug\lesson5_.5350764a.tlog\link.read.1.tlog
d:\basic\desktop\openglcpp\openglcpppractice\lesson5_2022_9_26\lesson5_2022_9_26\debug\lesson5_.5350764a.tlog\link.write.1.tlog
